<?xml version="1.0" encoding="UTF-8"?>
<!-- Generated by org.testng.reporters.JUnitReportReporter -->
<testsuite hostname="DESKTOP-A1H2EAB" failures="0" tests="1" name="testcases.Signup_Account" time="79.264" errors="0" timestamp="2023-07-28T16:40:47 IST" skipped="0">
  <testcase classname="testcases.Signup_Account" name="register_Zintlr" time="79.264"/>
  <system-out/>
</testsuite> <!-- testcases.Signup_Account -->
